2026-01-22 09:00:41,374 [INFO] åˆ›å»ºæ–°é…ç½®æ–‡ä»¶
2026-01-22 09:00:41,449 [INFO] ç¨‹åºå¯åŠ¨
2026-01-22 09:00:47,020 [INFO] çª—å£å…³é—­äº‹ä»¶è§¦å‘ï¼Œå¼€å§‹æ¸…ç†èµ„æº
2026-01-22 09:00:47,020 [INFO] æ¢å¤ç³»ç»Ÿä¼‘çœ åŠŸèƒ½
2026-01-22 09:00:47,020 [INFO] é”€æ¯GUIçª—å£
2026-01-22 09:00:47,143 [INFO] èµ„æºæ¸…ç†å®Œæˆ
2026-01-22 09:02:33,123 [INFO] åˆ›å»ºæ–°é…ç½®æ–‡ä»¶
2026-01-22 09:02:33,141 [INFO] ç¨‹åºå¯åŠ¨
2026-01-22 09:02:36,663 [INFO] çª—å£å…³é—­äº‹ä»¶è§¦å‘ï¼Œå¼€å§‹æ¸…ç†èµ„æº
2026-01-22 09:02:36,664 [INFO] æ¢å¤ç³»ç»Ÿä¼‘çœ åŠŸèƒ½
2026-01-22 09:02:36,664 [INFO] é”€æ¯GUIçª—å£
2026-01-22 09:02:36,755 [INFO] èµ„æºæ¸…ç†å®Œæˆ
2026-01-22 09:15:29,241 [INFO] åˆ›å»ºæ–°é…ç½®æ–‡ä»¶
2026-01-22 09:15:29,269 [INFO] ç¨‹åºå¯åŠ¨
2026-01-22 09:15:31,195 [INFO] çª—å£å…³é—­äº‹ä»¶è§¦å‘ï¼Œå¼€å§‹æ¸…ç†èµ„æº
2026-01-22 09:15:31,195 [INFO] æ¢å¤ç³»ç»Ÿä¼‘çœ åŠŸèƒ½
2026-01-22 09:15:31,195 [INFO] é”€æ¯GUIçª—å£
2026-01-22 09:15:31,297 [INFO] èµ„æºæ¸…ç†å®Œæˆ
2026-01-22 09:16:24,825 [INFO] åˆ›å»ºæ–°é…ç½®æ–‡ä»¶
2026-01-22 09:16:24,856 [INFO] [31m[1mWARNING: This is a development server. Do not use it in a production deployment. Use a production WSGI server instead.[0m
 * Running on http://127.0.0.1:5000
2026-01-22 09:16:24,857 [INFO] [33mPress CTRL+C to quit[0m
2026-01-22 09:16:26,483 [INFO] 127.0.0.1 - - [22/Jan/2026 09:16:26] "GET / HTTP/1.1" 200 -
2026-01-22 09:16:26,734 [INFO] 127.0.0.1 - - [22/Jan/2026 09:16:26] "[33mGET /resources/SYT.png HTTP/1.1[0m" 404 -
2026-01-22 09:16:28,198 [INFO] 127.0.0.1 - - [22/Jan/2026 09:16:28] "GET /api/hotkeys HTTP/1.1" 200 -
2026-01-22 09:16:28,206 [INFO] 127.0.0.1 - - [22/Jan/2026 09:16:28] "[33mGET /favicon.ico HTTP/1.1[0m" 404 -
2026-01-22 09:17:18,826 [INFO] åˆ›å»ºæ–°é…ç½®æ–‡ä»¶
2026-01-22 09:17:18,846 [INFO] [31m[1mWARNING: This is a development server. Do not use it in a production deployment. Use a production WSGI server instead.[0m
 * Running on http://127.0.0.1:5000
2026-01-22 09:17:18,846 [INFO] [33mPress CTRL+C to quit[0m
2026-01-22 09:17:20,343 [INFO] 127.0.0.1 - - [22/Jan/2026 09:17:20] "GET / HTTP/1.1" 200 -
2026-01-22 09:17:20,372 [INFO] 127.0.0.1 - - [22/Jan/2026 09:17:20] "[33mGET /static/resources/SYT.png HTTP/1.1[0m" 404 -
2026-01-22 09:17:20,692 [INFO] 127.0.0.1 - - [22/Jan/2026 09:17:20] "GET /api/hotkeys HTTP/1.1" 200 -
2026-01-22 09:27:53,747 [INFO] åˆ›å»ºæ–°é…ç½®æ–‡ä»¶
2026-01-22 09:28:13,491 [INFO] çª—å£å…³é—­
2026-01-22 09:32:56,137 [INFO] åˆ›å»ºæ–°é…ç½®æ–‡ä»¶
2026-01-22 09:33:38,253 [INFO] çª—å£å…³é—­
2026-01-22 09:35:49,315 [INFO] åˆ›å»ºæ–°é…ç½®æ–‡ä»¶
2026-01-22 09:36:03,979 [ERROR] å¿«æ·é”®æ ¼å¼æ— æ•ˆ: sï¼Œå¿…é¡»åŒ…å«è‡³å°‘ä¸€ä¸ªä¿®é¥°é”®ï¼ˆctrl/alt/shift/winï¼‰
2026-01-22 09:36:13,145 [INFO] çª—å£å…³é—­
2026-01-22 09:41:52,119 [INFO] åˆ›å»ºæ–°é…ç½®æ–‡ä»¶
2026-01-22 09:41:58,296 [INFO] çª—å£å…³é—­
2026-01-22 10:12:08,083 [INFO] åˆ›å»ºæ–°é…ç½®æ–‡ä»¶
2026-01-22 10:12:34,678 [INFO] æ·»åŠ å¿«æ·é”®: ctrl+a -> E:/myDevelopment/pyQuickStart/logs/hotkey_20260122.log
2026-01-22 10:12:34,682 [INFO] é…ç½®å·²ä¿å­˜
2026-01-22 10:12:38,062 [INFO] æ·»åŠ å¿«æ·é”®: ctrl+a -> E:/myDevelopment/pyQuickStart/logs/hotkey_20260122.log
2026-01-22 10:12:43,799 [INFO] æ³¨å†Œå¿«æ·é”®: ctrl+a
2026-01-22 10:12:43,800 [INFO] å¿«æ·é”®ç›‘å¬å·²å¯åŠ¨
2026-01-22 10:12:43,800 [INFO] å¯åŠ¨ç›‘å¬
2026-01-22 10:12:48,014 [INFO] å¼€å§‹åœæ­¢å¿«æ·é”®ç›‘å¬
2026-01-22 10:12:48,014 [INFO] å¿«æ·é”®ç›‘å¬å·²åœæ­¢ï¼Œå…±æ³¨é”€ 1 ä¸ªå¿«æ·é”®
2026-01-22 10:12:48,014 [INFO] åœæ­¢ç›‘å¬
2026-01-22 10:12:50,810 [INFO] ç§»é™¤å¿«æ·é”®: ctrl+a
2026-01-22 10:12:50,813 [INFO] é…ç½®å·²ä¿å­˜
2026-01-22 10:12:50,814 [INFO] åˆ é™¤å¿«æ·é”®: ctrl+a
2026-01-22 10:13:25,996 [INFO] æ·»åŠ å¿«æ·é”®: ctrl+q -> D:\Chrome\Application\chrome.exe
2026-01-22 10:13:25,999 [INFO] é…ç½®å·²ä¿å­˜
2026-01-22 10:13:26,917 [INFO] æ·»åŠ å¿«æ·é”®: ctrl+q -> D:\Chrome\Application\chrome.exe
2026-01-22 10:13:29,360 [INFO] æ³¨å†Œå¿«æ·é”®: ctrl+q
2026-01-22 10:13:29,360 [INFO] å¿«æ·é”®ç›‘å¬å·²å¯åŠ¨
2026-01-22 10:13:29,361 [INFO] å¯åŠ¨ç›‘å¬
2026-01-22 10:13:31,614 [INFO] ç¨‹åºå·²åœ¨ç³»ç»Ÿä¸­è¿è¡Œ: chrome.exe (PID: 3696)
2026-01-22 10:13:32,394 [INFO] å·²å¯ç”¨é˜²ä¼‘çœ æ¨¡å¼ (APIè¿”å›å€¼: -2147483648)
2026-01-22 10:13:34,430 [INFO] ç¨‹åºå·²åœ¨ç›‘æ§åˆ—è¡¨ä¸­è¿è¡Œ: chrome.exe (PID: 3696)
2026-01-22 10:13:37,343 [INFO] ç¨‹åºå·²åœ¨ç›‘æ§åˆ—è¡¨ä¸­è¿è¡Œ: chrome.exe (PID: 3696)
2026-01-22 10:13:37,804 [INFO] ç¨‹åºå·²åœ¨ç›‘æ§åˆ—è¡¨ä¸­è¿è¡Œ: chrome.exe (PID: 3696)
2026-01-22 10:13:38,186 [INFO] ç¨‹åºå·²åœ¨ç›‘æ§åˆ—è¡¨ä¸­è¿è¡Œ: chrome.exe (PID: 3696)
2026-01-22 10:13:38,890 [INFO] ç¨‹åºå·²åœ¨ç›‘æ§åˆ—è¡¨ä¸­è¿è¡Œ: chrome.exe (PID: 3696)
2026-01-22 10:13:44,591 [INFO] å¼€å§‹åœæ­¢å¿«æ·é”®ç›‘å¬
2026-01-22 10:13:44,592 [INFO] å¿«æ·é”®ç›‘å¬å·²åœæ­¢ï¼Œå…±æ³¨é”€ 1 ä¸ªå¿«æ·é”®
2026-01-22 10:13:44,592 [INFO] å·²å…³é—­é˜²ä¼‘çœ æ¨¡å¼ (APIè¿”å›å€¼: -2147483645)
2026-01-22 10:13:44,592 [INFO] åœæ­¢ç›‘å¬
2026-01-22 10:13:46,394 [INFO] å·²å¯ç”¨é˜²ä¼‘çœ æ¨¡å¼ (APIè¿”å›å€¼: -2147483648)
2026-01-22 10:13:56,824 [INFO] çª—å£å…³é—­
2026-01-22 10:13:56,824 [INFO] å·²å…³é—­é˜²ä¼‘çœ æ¨¡å¼ (APIè¿”å›å€¼: -2147483645)
2026-01-22 10:33:10,529 [INFO] é…ç½®å·²åŠ è½½: 1 ä¸ªå¿«æ·é”®
2026-01-22 10:33:10,858 [INFO] æ·»åŠ å¿«æ·é”®: ctrl+q -> D:\Chrome\Application\chrome.exe
2026-01-22 10:33:50,168 [INFO] çª—å£å…³é—­
