2026-01-21 17:11:16,465 [INFO] 创建新配置文件
2026-01-21 17:11:16,484 [INFO] 程序启动
2026-01-21 17:11:31,991 [INFO] 窗口关闭事件触发，开始清理资源
2026-01-21 17:11:31,991 [INFO] 恢复系统休眠功能
2026-01-21 17:11:31,991 [INFO] 销毁GUI窗口
2026-01-21 17:11:32,084 [INFO] 资源清理完成
2026-01-21 17:20:04,767 [INFO] 创建新配置文件
2026-01-21 17:20:04,784 [INFO] 程序启动
2026-01-21 17:20:07,366 [INFO] 窗口关闭事件触发，开始清理资源
2026-01-21 17:20:07,366 [INFO] 恢复系统休眠功能
2026-01-21 17:20:07,366 [INFO] 销毁GUI窗口
2026-01-21 17:20:07,457 [INFO] 资源清理完成
2026-01-21 17:25:43,902 [INFO] 创建新配置文件
2026-01-21 17:25:43,927 [INFO] 程序启动
2026-01-21 17:25:45,613 [INFO] 窗口关闭事件触发，开始清理资源
2026-01-21 17:25:45,613 [INFO] 恢复系统休眠功能
2026-01-21 17:25:45,613 [INFO] 销毁GUI窗口
2026-01-21 17:25:45,705 [INFO] 资源清理完成
2026-01-21 17:32:13,949 [INFO] 创建新配置文件
2026-01-21 17:32:14,020 [INFO] 程序启动
2026-01-21 17:32:15,429 [INFO] 窗口关闭事件触发，开始清理资源
2026-01-21 17:32:15,429 [INFO] 恢复系统休眠功能
2026-01-21 17:32:15,429 [INFO] 销毁GUI窗口
2026-01-21 17:32:15,537 [INFO] 资源清理完成
2026-01-21 17:32:38,904 [INFO] 创建新配置文件
2026-01-21 17:32:38,924 [INFO] 程序启动
2026-01-21 17:32:43,937 [INFO] 窗口关闭事件触发，开始清理资源
2026-01-21 17:32:43,937 [INFO] 恢复系统休眠功能
2026-01-21 17:32:43,937 [INFO] 销毁GUI窗口
2026-01-21 17:32:44,060 [INFO] 资源清理完成
2026-01-21 17:52:09,313 [INFO] 添加快捷键: ctrl+alt+g -> https://www.google.com
2026-01-21 17:52:09,313 [INFO] 添加快捷键: ctrl+alt+y -> https://www.youtube.com
2026-01-21 17:52:09,313 [INFO] 添加快捷键: ctrl+alt+l -> http://localhost:3000
2026-01-21 17:52:09,314 [INFO] 添加快捷键: ctrl+alt+d -> C:\Windows
2026-01-21 17:52:09,314 [INFO] 添加快捷键: ctrl+alt+u -> C:\Users
2026-01-21 17:52:09,314 [INFO] 添加快捷键: ctrl+alt+p -> C:\Program Files
2026-01-21 17:52:09,315 [INFO] 添加快捷键: ctrl+alt+n -> C:\Windows\notepad.exe
2026-01-21 17:52:09,315 [INFO] 添加快捷键: ctrl+alt+c -> C:\Windows\System32\calc.exe
2026-01-21 17:52:09,315 [ERROR] 目标路径无效: C:\NonExistent\file.exe
2026-01-21 17:52:09,315 [ERROR] 目标路径无效: 
2026-01-21 17:52:09,315 [ERROR] 目标路径无效: None
2026-01-21 17:52:09,316 [INFO] 添加快捷键: ctrl+alt+n -> https://www.google.com
2026-01-21 17:52:09,316 [ERROR] 快捷键格式无效: n，必须包含至少一个修饰键（ctrl/alt/shift/win）
2026-01-21 17:52:09,316 [INFO] 添加快捷键: ctrl+n -> https://www.google.com
2026-01-21 17:52:09,316 [ERROR] 快捷键格式无效: ，必须包含至少一个修饰键（ctrl/alt/shift/win）
